autoscan: warning: missing AC_CHECK_FUNCS([alarm]) wanted by: 
	src/signalhandler.cc:292
	src/signalhandler.cc:293
autoscan: warning: missing AC_CHECK_FUNCS([dup2]) wanted by: 
	src/googletest.h:299
	src/googletest.h:308
autoscan: warning: missing AC_CHECK_FUNCS([ftruncate]) wanted by: 
	src/logging.cc:1883
autoscan: warning: missing AC_CHECK_FUNCS([getpagesize]) wanted by: 
	src/logging.cc:114
	src/stacktrace_x86-inl.h:84
autoscan: warning: missing AC_CHECK_FUNCS([gettimeofday]) wanted by: 
	src/utilities.cc:188
	src/utilities.cc:208
autoscan: warning: missing AC_CHECK_FUNCS([localtime_r]) wanted by: 
	src/logging.cc:942
	src/logging.cc:1195
	src/glog/raw_logging.h.in:179
	src/windows/port.h:138
	src/windows/glog/raw_logging.h:183
autoscan: warning: missing AC_CHECK_FUNCS([memchr]) wanted by: 
	src/logging.cc:98
	src/symbolize.cc:45
	src/symbolize.cc:297
	src/symbolize.cc:446
	src/base/commandlineflags.h:128
autoscan: warning: missing AC_CHECK_FUNCS([memmove]) wanted by: 
	src/symbolize.cc:46
	src/symbolize.cc:88
	src/symbolize.cc:407
autoscan: warning: missing AC_CHECK_FUNCS([memset]) wanted by: 
	src/utilities.cc:142
	src/symbolize_unittest.cc:193
	src/symbolize_unittest.cc:197
	src/symbolize_unittest.cc:206
	src/signalhandler.cc:241
	src/signalhandler.cc:336
	src/logging_unittest.cc:795
autoscan: warning: missing AC_CHECK_FUNCS([mkdir]) wanted by: 
	src/glog/logging.h.in:851
	src/windows/glog/logging.h:855
autoscan: warning: missing AC_CHECK_FUNCS([strchr]) wanted by: 
	src/googletest.h:387
	src/vlog_is_on.cc:137
	src/vlog_is_on.cc:149
	src/vlog_is_on.cc:213
autoscan: warning: missing AC_CHECK_FUNCS([strdup]) wanted by: 
	src/logging_unittest.cc:1043
autoscan: warning: missing AC_CHECK_FUNCS([strerror]) wanted by: 
	src/googletest.h:462
	src/googletest.h:463
	src/googletest.h:464
	src/googletest.h:465
	src/vlog_is_on.cc:204
	src/logging_unittest.cc:648
	src/logging_unittest.cc:1043
autoscan: warning: missing AC_CHECK_FUNCS([strrchr]) wanted by: 
	src/logging.cc:882
	src/utilities.cc:273
	src/utilities.cc:276
	src/utilities.cc:319
	src/utilities.cc:321
	src/vlog_is_on.cc:211
autoscan: warning: missing AC_CHECK_FUNCS([strstr]) wanted by: 
	src/logging_unittest.cc:661
	src/logging_unittest.cc:720
	src/logging_unittest.cc:752
autoscan: warning: missing AC_CHECK_FUNCS([strtol]) wanted by: 
	src/base/commandlineflags.h:131
autoscan: warning: missing AC_CHECK_FUNCS([uname]) wanted by: 
	src/logging.cc:185
autoscan: warning: missing AC_CHECK_HEADERS([fcntl.h]) wanted by: 
	src/logging.cc:46
	src/raw_logging.cc:42
	src/googletest.h:54
	src/symbolize.cc:100
	src/logging_unittest.cc:35
autoscan: warning: missing AC_CHECK_HEADERS([limits.h]) wanted by: 
	src/symbolize.cc:101
autoscan: warning: missing AC_CHECK_HEADERS([stddef.h]) wanted by: 
	src/symbolize.cc:106
autoscan: warning: missing AC_C_INLINE wanted by: 
	src/logging.cc:530
	src/logging.cc:543
	src/logging.cc:555
	src/logging.cc:564
	src/logging.cc:572
	src/logging.cc:580
	src/logging.cc:596
	src/logging.cc:605
	src/logging.cc:613
	src/logging.cc:622
	src/logging.cc:675
	src/logging.cc:687
	src/logging.cc:713
	src/logging.cc:722
	src/logging.cc:735
	src/logging.cc:751
	src/logging.cc:768
	src/symbolize_unittest.cc:288
	src/symbolize_unittest.cc:290
	src/raw_logging.cc:102
	src/googletest.h:74
	src/googletest.h:184
	src/googletest.h:201
	src/googletest.h:245
	src/googletest.h:323
	src/googletest.h:328
	src/googletest.h:332
	src/googletest.h:337
	src/googletest.h:360
	src/googletest.h:380
	src/googletest.h:385
	src/googletest.h:399
	src/googletest.h:431
	src/googletest.h:440
	src/googletest.h:472
	src/googletest.h:478
	src/googletest.h:573
	src/utilities.h:177
	src/logging_unittest.cc:1201
	src/base/mutex.h:163
	src/base/mutex.h:166
	src/base/mutex.h:168
	src/base/mutex.h:169
	src/base/mutex.h:171
	src/base/mutex.h:177
	src/base/mutex.h:178
	src/base/mutex.h:179
	src/base/mutex.h:180
	src/base/mutex.h:183
	src/base/mutex.h:192
	src/glog/logging.h.in:581
	src/glog/logging.h.in:582
	src/glog/logging.h.in:583
	src/glog/logging.h.in:584
	src/glog/logging.h.in:585
	src/glog/logging.h.in:586
	src/glog/logging.h.in:587
	src/glog/logging.h.in:588
	src/glog/logging.h.in:589
	src/glog/logging.h.in:590
	src/glog/logging.h.in:591
	src/glog/logging.h.in:592
	src/glog/logging.h.in:604
	src/glog/logging.h.in:614
	src/glog/logging.h.in:681
	src/glog/logging.h.in:686
	src/glog/logging.h.in:1274
	src/glog/logging.h.in:1553
	src/glog/logging.h.in:1560
	src/glog/raw_logging.h.in:165
	src/glog/stl_logging.h.in:74
	src/glog/stl_logging.h.in:91
	src/glog/stl_logging.h.in:104
	src/glog/stl_logging.h.in:121
	src/glog/stl_logging.h.in:135
	src/glog/stl_logging.h.in:144
	src/windows/port.h:138
	src/windows/port.h:143
	src/windows/glog/logging.h:585
	src/windows/glog/logging.h:586
	src/windows/glog/logging.h:587
	src/windows/glog/logging.h:588
	src/windows/glog/logging.h:589
	src/windows/glog/logging.h:590
	src/windows/glog/logging.h:591
	src/windows/glog/logging.h:592
	src/windows/glog/logging.h:593
	src/windows/glog/logging.h:594
	src/windows/glog/logging.h:595
	src/windows/glog/logging.h:596
	src/windows/glog/logging.h:608
	src/windows/glog/logging.h:618
	src/windows/glog/logging.h:685
	src/windows/glog/logging.h:690
	src/windows/glog/logging.h:1278
	src/windows/glog/logging.h:1557
	src/windows/glog/logging.h:1564
	src/windows/glog/raw_logging.h:169
	src/windows/glog/stl_logging.h:78
	src/windows/glog/stl_logging.h:95
	src/windows/glog/stl_logging.h:108
	src/windows/glog/stl_logging.h:125
	src/windows/glog/stl_logging.h:139
	src/windows/glog/stl_logging.h:148
autoscan: warning: missing AC_FUNC_MALLOC wanted by: 
	src/raw_logging.cc:83
	src/raw_logging.cc:150
	src/googletest.h:591
	src/symbolize.h:51
	src/stacktrace_x86_64-inl.h:50
	src/utilities.h:97
	src/utilities.h:98
	src/demangle.h:38
autoscan: warning: missing AC_FUNC_MMAP wanted by: 
	src/stacktrace_libunwind-inl.h:46
autoscan: warning: missing AC_FUNC_STRERROR_R wanted by: 
	src/logging.cc:1933
	src/logging.cc:1938
	src/windows/port.h:143
autoscan: warning: missing AC_HEADER_STDBOOL wanted by: 
	src/logging.cc:93
	src/logging.cc:93
	src/logging.cc:205
	src/logging.cc:206
	src/logging.cc:312
	src/logging.cc:313
	src/logging.cc:333
	src/logging.cc:340
	src/logging.cc:346
	src/logging.cc:347
	src/logging.cc:360
	src/logging.cc:389
	src/logging.cc:403
	src/logging.cc:436
	src/logging.cc:489
	src/logging.cc:511
	src/logging.cc:717
	src/logging.cc:758
	src/logging.cc:857
	src/logging.cc:914
	src/logging.cc:997
	src/logging.cc:1094
	src/logging.cc:1134
	src/logging.cc:1263
	src/logging.cc:1325
	src/logging.cc:1510
	src/logging.cc:1652
	src/logging.cc:1667
	src/logging.cc:1678
	src/logging.cc:1679
	src/logging.cc:1696
	src/logging.cc:1720
	src/logging.cc:1910
	src/utilities.cc:167
	src/utilities.cc:171
	src/utilities.cc:226
	src/utilities.cc:247
	src/symbolize_unittest.cc:158
	src/stacktrace_x86-inl.h:50
	src/raw_logging.cc:90
	src/raw_logging.cc:102
	src/raw_logging.cc:112
	src/raw_logging.cc:142
	src/googletest.h:199
	src/googletest.h:385
	src/googletest.h:478
	src/googletest.h:522
	src/googletest.h:523
	src/googletest.h:531
	src/stacktrace_libunwind-inl.h:52
	src/stacktrace_powerpc-inl.h:48
	src/symbolize.h:82
	src/symbolize.h:112
	src/vlog_is_on.cc:69
	src/vlog_is_on.cc:125
	src/vlog_is_on.cc:164
	src/vlog_is_on.cc:195
	src/vlog_is_on.cc:198
	src/utilities_unittest.cc:39
	src/logging_striptest_main.cc:47
	src/logging_striptest_main.cc:70
	src/stacktrace_x86_64-inl.h:59
	src/demangle.cc:152
	src/demangle.cc:153
	src/demangle.cc:168
	src/demangle.cc:178
	src/demangle.cc:203
	src/demangle.cc:214
	src/demangle.cc:225
	src/demangle.cc:240
	src/demangle.cc:240
	src/demangle.cc:246
	src/demangle.cc:259
	src/demangle.cc:285
	src/demangle.cc:289
	src/demangle.cc:293
	src/demangle.cc:301
	src/demangle.cc:344
	src/demangle.cc:353
	src/demangle.cc:359
	src/demangle.cc:365
	src/demangle.cc:371
	src/demangle.cc:371
	src/demangle.cc:401
	src/demangle.cc:408
	src/demangle.cc:409
	src/demangle.cc:410
	src/demangle.cc:411
	src/demangle.cc:412
	src/demangle.cc:413
	src/demangle.cc:414
	src/demangle.cc:415
	src/demangle.cc:416
	src/demangle.cc:417
	src/demangle.cc:418
	src/demangle.cc:419
	src/demangle.cc:420
	src/demangle.cc:421
	src/demangle.cc:422
	src/demangle.cc:423
	src/demangle.cc:424
	src/demangle.cc:425
	src/demangle.cc:426
	src/demangle.cc:427
	src/demangle.cc:428
	src/demangle.cc:429
	src/demangle.cc:430
	src/demangle.cc:431
	src/demangle.cc:432
	src/demangle.cc:433
	src/demangle.cc:434
	src/demangle.cc:435
	src/demangle.cc:436
	src/demangle.cc:437
	src/demangle.cc:438
	src/demangle.cc:439
	src/demangle.cc:440
	src/demangle.cc:441
	src/demangle.cc:442
	src/demangle.cc:443
	src/demangle.cc:444
	src/demangle.cc:477
	src/demangle.cc:484
	src/demangle.cc:501
	src/demangle.cc:522
	src/demangle.cc:539
	src/demangle.cc:545
	src/demangle.cc:570
	src/demangle.cc:571
	src/demangle.cc:595
	src/demangle.cc:603
	src/demangle.cc:618
	src/demangle.cc:631
	src/demangle.cc:657
	src/demangle.cc:673
	src/demangle.cc:688
	src/demangle.cc:705
	src/demangle.cc:768
	src/demangle.cc:831
	src/demangle.cc:849
	src/demangle.cc:854
	src/demangle.cc:866
	src/demangle.cc:909
	src/demangle.cc:965
	src/demangle.cc:975
	src/demangle.cc:994
	src/demangle.cc:1006
	src/demangle.cc:1019
	src/demangle.cc:1025
	src/demangle.cc:1042
	src/demangle.cc:1054
	src/demangle.cc:1073
	src/demangle.cc:1079
	src/demangle.cc:1097
	src/demangle.cc:1129
	src/demangle.cc:1181
	src/demangle.cc:1215
	src/demangle.cc:1233
	src/demangle.cc:1245
	src/demangle.cc:1280
	src/demangle.cc:1301
	src/utilities.h:150
	src/utilities.h:152
	src/utilities.h:162
	src/demangle.h:80
	src/symbolize.cc:160
	src/symbolize.cc:183
	src/symbolize.cc:213
	src/symbolize.cc:261
	src/symbolize.cc:312
	src/symbolize.cc:393
	src/symbolize.cc:449
	src/symbolize.cc:453
	src/symbolize.cc:589
	src/symbolize.cc:636
	src/symbolize.cc:658
	src/symbolize.cc:674
	src/logging_unittest.cc:87
	src/logging_unittest.cc:88
	src/logging_unittest.cc:93
	src/logging_unittest.cc:95
	src/logging_unittest.cc:95
	src/logging_unittest.cc:241
	src/logging_unittest.cc:358
	src/logging_unittest.cc:358
	src/logging_unittest.cc:730
	src/logging_unittest.cc:853
	src/logging_unittest.cc:859
	src/logging_unittest.cc:1070
	src/logging_unittest.cc:1070
	src/logging_unittest.cc:1198
	src/base/mutex.h:78
	src/base/mutex.h:80
	src/base/mutex.h:80
	src/base/mutex.h:86
	src/base/mutex.h:95
	src/base/mutex.h:171
	src/base/mutex.h:190
	src/base/mutex.h:219
	src/base/mutex.h:231
	src/base/mutex.h:251
	src/base/mutex.h:273
	src/base/commandlineflags.h:40
	src/base/commandlineflags.h:76
	src/base/commandlineflags.h:78
	src/base/commandlineflags.h:78
	src/base/commandlineflags.h:80
	src/base/commandlineflags.h:80
	src/glog/vlog_is_on.h.in:123
	src/glog/logging.h.in:302
	src/glog/logging.h.in:304
	src/glog/logging.h.in:304
	src/glog/logging.h.in:565
	src/glog/logging.h.in:905
	src/glog/logging.h.in:1187
	src/glog/logging.h.in:1430
	src/windows/glog/logging.h:306
	src/windows/glog/logging.h:308
	src/windows/glog/logging.h:308
	src/windows/glog/logging.h:569
	src/windows/glog/logging.h:909
	src/windows/glog/logging.h:1191
	src/windows/glog/logging.h:1434
	src/windows/glog/vlog_is_on.h:127
	src/logging.cc:101
	src/logging.cc:103
	src/logging.cc:105
	src/logging.cc:173
	src/logging.cc:206
	src/logging.cc:252
	src/logging.cc:312
	src/logging.cc:333
	src/logging.cc:707
	src/logging.cc:708
	src/logging.cc:862
	src/logging.cc:872
	src/logging.cc:997
	src/logging.cc:1008
	src/logging.cc:1058
	src/logging.cc:1168
	src/logging.cc:1172
	src/logging.cc:1181
	src/logging.cc:1203
	src/logging.cc:1325
	src/logging.cc:1510
	src/logging.cc:1676
	src/logging.cc:1717
	src/logging.cc:1921
	src/logging.cc:1923
	src/utilities.cc:229
	src/utilities.cc:247
	src/stacktrace_x86-inl.h:82
	src/raw_logging.cc:95
	src/raw_logging.cc:105
	src/raw_logging.cc:112
	src/raw_logging.cc:155
	src/googletest.h:96
	src/googletest.h:212
	src/googletest.h:386
	src/googletest.h:387
	src/googletest.h:389
	src/googletest.h:500
	src/stacktrace_libunwind-inl.h:52
	src/stacktrace_libunwind-inl.h:61
	src/stacktrace_libunwind-inl.h:83
	src/demangle_unittest.cc:44
	src/symbolize.h:81
	src/symbolize.h:111
	src/vlog_is_on.cc:77
	src/vlog_is_on.cc:92
	src/vlog_is_on.cc:94
	src/vlog_is_on.cc:125
	src/vlog_is_on.cc:132
	src/vlog_is_on.cc:164
	src/utilities_unittest.cc:39
	src/utilities_unittest.cc:40
	src/utilities_unittest.cc:41
	src/utilities_unittest.cc:42
	src/logging_striptest_main.cc:42
	src/stacktrace_x86_64-inl.h:59
	src/demangle.cc:171
	src/demangle.cc:197
	src/demangle.cc:208
	src/demangle.cc:220
	src/demangle.cc:227
	src/demangle.cc:236
	src/demangle.cc:252
	src/demangle.cc:306
	src/demangle.cc:313
	src/demangle.cc:366
	src/demangle.cc:457
	src/demangle.cc:494
	src/demangle.cc:517
	src/demangle.cc:534
	src/demangle.cc:556
	src/demangle.cc:571
	src/demangle.cc:610
	src/demangle.cc:625
	src/demangle.cc:652
	src/demangle.cc:668
	src/demangle.cc:684
	src/demangle.cc:691
	src/demangle.cc:707
	src/demangle.cc:731
	src/demangle.cc:747
	src/demangle.cc:826
	src/demangle.cc:845
	src/demangle.cc:861
	src/demangle.cc:886
	src/demangle.cc:959
	src/demangle.cc:990
	src/demangle.cc:1002
	src/demangle.cc:1015
	src/demangle.cc:1038
	src/demangle.cc:1049
	src/demangle.cc:1067
	src/demangle.cc:1090
	src/demangle.cc:1117
	src/demangle.cc:1173
	src/demangle.cc:1209
	src/demangle.cc:1229
	src/demangle.cc:1239
	src/demangle.cc:1275
	src/demangle.cc:1293
	src/demangle.cc:1297
	src/demangle.h:78
	src/symbolize.cc:159
	src/symbolize.cc:180
	src/symbolize.cc:205
	src/symbolize.cc:217
	src/symbolize.cc:224
	src/symbolize.cc:231
	src/symbolize.cc:238
	src/symbolize.cc:243
	src/symbolize.cc:252
	src/symbolize.cc:258
	src/symbolize.cc:266
	src/symbolize.cc:298
	src/symbolize.cc:305
	src/symbolize.cc:311
	src/symbolize.cc:318
	src/symbolize.cc:331
	src/symbolize.cc:335
	src/symbolize.cc:345
	src/symbolize.cc:349
	src/symbolize.cc:356
	src/symbolize.cc:389
	src/symbolize.cc:397
	src/symbolize.cc:414
	src/symbolize.cc:422
	src/symbolize.cc:584
	src/symbolize.cc:597
	src/symbolize.cc:602
	src/symbolize.cc:619
	src/symbolize.cc:647
	src/symbolize.cc:676
	src/logging_unittest.cc:177
	src/logging_unittest.cc:226
	src/logging_unittest.cc:257
	src/logging_unittest.cc:264
	src/logging_unittest.cc:284
	src/logging_unittest.cc:385
	src/logging_unittest.cc:387
	src/logging_unittest.cc:389
	src/logging_unittest.cc:391
	src/logging_unittest.cc:393
	src/logging_unittest.cc:395
	src/logging_unittest.cc:424
	src/logging_unittest.cc:424
	src/logging_unittest.cc:425
	src/logging_unittest.cc:425
	src/logging_unittest.cc:426
	src/logging_unittest.cc:426
	src/logging_unittest.cc:427
	src/logging_unittest.cc:427
	src/logging_unittest.cc:428
	src/logging_unittest.cc:428
	src/logging_unittest.cc:429
	src/logging_unittest.cc:429
	src/logging_unittest.cc:430
	src/logging_unittest.cc:431
	src/logging_unittest.cc:432
	src/logging_unittest.cc:432
	src/logging_unittest.cc:433
	src/logging_unittest.cc:437
	src/logging_unittest.cc:759
	src/logging_unittest.cc:1120
	src/base/mutex.h:79
	src/base/mutex.h:171
	src/base/mutex.h:219
	src/glog/logging.h.in:521
	src/glog/logging.h.in:784
	src/glog/logging.h.in:786
	src/glog/logging.h.in:841
	src/glog/logging.h.in:1007
	src/glog/logging.h.in:1012
	src/glog/logging.h.in:1017
	src/glog/logging.h.in:1022
	src/glog/logging.h.in:1027
	src/glog/logging.h.in:1032
	src/glog/logging.h.in:1037
	src/glog/logging.h.in:1046
	src/glog/logging.h.in:1051
	src/glog/logging.h.in:1056
	src/glog/logging.h.in:1061
	src/glog/raw_logging.h.in:155
	src/glog/raw_logging.h.in:158
	src/windows/glog/logging.h:525
	src/windows/glog/logging.h:788
	src/windows/glog/logging.h:790
	src/windows/glog/logging.h:845
	src/windows/glog/logging.h:1011
	src/windows/glog/logging.h:1016
	src/windows/glog/logging.h:1021
	src/windows/glog/logging.h:1026
	src/windows/glog/logging.h:1031
	src/windows/glog/logging.h:1036
	src/windows/glog/logging.h:1041
	src/windows/glog/logging.h:1050
	src/windows/glog/logging.h:1055
	src/windows/glog/logging.h:1060
	src/windows/glog/logging.h:1065
	src/windows/glog/raw_logging.h:159
	src/windows/glog/raw_logging.h:162
	src/logging.cc:108
	src/logging.cc:132
	src/logging.cc:204
	src/logging.cc:210
	src/logging.cc:313
	src/logging.cc:339
	src/logging.cc:340
	src/logging.cc:811
	src/logging.cc:911
	src/logging.cc:1003
	src/logging.cc:1050
	src/logging.cc:1094
	src/logging.cc:1176
	src/logging.cc:1303
	src/logging.cc:1338
	src/logging.cc:1396
	src/logging.cc:1515
	src/logging.cc:1721
	src/logging.cc:1920
	src/logging.cc:1922
	src/utilities.cc:69
	src/utilities.cc:175
	src/utilities.cc:232
	src/utilities.cc:257
	src/symbolize_unittest.cc:339
	src/signalhandler_unittest.cc:70
	src/signalhandler_unittest.cc:83
	src/stacktrace_x86-inl.h:134
	src/stacktrace_unittest.cc:194
	src/raw_logging.cc:89
	src/raw_logging.cc:98
	src/raw_logging.cc:108
	src/raw_logging.cc:155
	src/googletest.h:202
	src/googletest.h:391
	src/googletest.h:503
	src/stacktrace_libunwind-inl.h:61
	src/signalhandler.cc:286
	src/demangle_unittest.cc:123
	src/demangle_unittest.cc:127
	src/stacktrace_powerpc-inl.h:125
	src/symbolize.h:80
	src/symbolize.h:108
	src/vlog_is_on.cc:76
	src/vlog_is_on.cc:85
	src/vlog_is_on.cc:88
	src/vlog_is_on.cc:157
	src/vlog_is_on.cc:171
	src/vlog_is_on.cc:179
	src/utilities_unittest.cc:40
	src/utilities_unittest.cc:41
	src/utilities_unittest.cc:42
	src/logging_striptest_main.cc:60
	src/logging_striptest_main.cc:70
	src/stacktrace_x86_64-inl.h:65
	src/demangle.cc:167
	src/demangle.cc:174
	src/demangle.cc:177
	src/demangle.cc:196
	src/demangle.cc:200
	src/demangle.cc:206
	src/demangle.cc:211
	src/demangle.cc:218
	src/demangle.cc:223
	src/demangle.cc:233
	src/demangle.cc:241
	src/demangle.cc:250
	src/demangle.cc:256
	src/demangle.cc:262
	src/demangle.cc:266
	src/demangle.cc:275
	src/demangle.cc:297
	src/demangle.cc:320
	src/demangle.cc:323
	src/demangle.cc:324
	src/demangle.cc:349
	src/demangle.cc:355
	src/demangle.cc:361
	src/demangle.cc:367
	src/demangle.cc:373
	src/demangle.cc:399
	src/demangle.cc:456
	src/demangle.cc:487
	src/demangle.cc:492
	src/demangle.cc:503
	src/demangle.cc:509
	src/demangle.cc:515
	src/demangle.cc:524
	src/demangle.cc:531
	src/demangle.cc:553
	src/demangle.cc:572
	src/demangle.cc:577
	src/demangle.cc:588
	src/demangle.cc:607
	src/demangle.cc:622
	src/demangle.cc:650
	src/demangle.cc:666
	src/demangle.cc:682
	src/demangle.cc:699
	src/demangle.cc:716
	src/demangle.cc:723
	src/demangle.cc:744
	src/demangle.cc:773
	src/demangle.cc:779
	src/demangle.cc:785
	src/demangle.cc:791
	src/demangle.cc:801
	src/demangle.cc:807
	src/demangle.cc:812
	src/demangle.cc:817
	src/demangle.cc:823
	src/demangle.cc:835
	src/demangle.cc:841
	src/demangle.cc:858
	src/demangle.cc:873
	src/demangle.cc:883
	src/demangle.cc:913
	src/demangle.cc:918
	src/demangle.cc:923
	src/demangle.cc:929
	src/demangle.cc:935
	src/demangle.cc:945
	src/demangle.cc:950
	src/demangle.cc:956
	src/demangle.cc:981
	src/demangle.cc:987
	src/demangle.cc:999
	src/demangle.cc:1012
	src/demangle.cc:1029
	src/demangle.cc:1035
	src/demangle.cc:1046
	src/demangle.cc:1057
	src/demangle.cc:1064
	src/demangle.cc:1087
	src/demangle.cc:1102
	src/demangle.cc:1108
	src/demangle.cc:1114
	src/demangle.cc:1131
	src/demangle.cc:1139
	src/demangle.cc:1146
	src/demangle.cc:1152
	src/demangle.cc:1157
	src/demangle.cc:1164
	src/demangle.cc:1170
	src/demangle.cc:1186
	src/demangle.cc:1193
	src/demangle.cc:1199
	src/demangle.cc:1205
	src/demangle.cc:1220
	src/demangle.cc:1226
	src/demangle.cc:1236
	src/demangle.cc:1248
	src/demangle.cc:1255
	src/demangle.cc:1270
	src/demangle.cc:1279
	src/demangle.cc:1285
	src/demangle.cc:1291
	src/demangle.cc:1295
	src/demangle.h:77
	src/symbolize.cc:158
	src/symbolize.cc:180
	src/symbolize.cc:200
	src/symbolize.cc:249
	src/symbolize.cc:257
	src/symbolize.cc:300
	src/symbolize.cc:310
	src/symbolize.cc:339
	src/symbolize.cc:353
	src/symbolize.cc:389
	src/symbolize.cc:428
	src/symbolize.cc:505
	src/symbolize.cc:583
	src/symbolize.cc:624
	src/symbolize.cc:644
	src/logging_unittest.cc:179
	src/logging_unittest.cc:196
	src/logging_unittest.cc:211
	src/logging_unittest.cc:256
	src/logging_unittest.cc:259
	src/logging_unittest.cc:263
	src/logging_unittest.cc:353
	src/logging_unittest.cc:384
	src/logging_unittest.cc:386
	src/logging_unittest.cc:388
	src/logging_unittest.cc:390
	src/logging_unittest.cc:392
	src/logging_unittest.cc:394
	src/logging_unittest.cc:430
	src/logging_unittest.cc:431
	src/logging_unittest.cc:433
	src/logging_unittest.cc:1140
	src/logging_unittest.cc:1198
	src/base/mutex.h:78
	src/base/mutex.h:95
	src/base/mutex.h:97
	src/base/mutex.h:98
	src/base/mutex.h:99
	src/base/mutex.h:100
	src/base/mutex.h:171
	src/base/mutex.h:187
	src/base/mutex.h:189
	src/base/mutex.h:192
	src/base/mutex.h:219
	src/base/mutex.h:232
	src/base/mutex.h:253
	src/base/mutex.h:274
	src/glog/logging.h.in:516
	src/glog/logging.h.in:557
	src/glog/logging.h.in:566
	src/glog/logging.h.in:783
	src/glog/logging.h.in:785
	src/glog/logging.h.in:986
	src/glog/logging.h.in:989
	src/glog/logging.h.in:993
	src/glog/logging.h.in:996
	src/glog/logging.h.in:999
	src/glog/logging.h.in:1002
	src/glog/logging.h.in:1185
	src/windows/glog/logging.h:520
	src/windows/glog/logging.h:561
	src/windows/glog/logging.h:570
	src/windows/glog/logging.h:787
	src/windows/glog/logging.h:789
	src/windows/glog/logging.h:990
	src/windows/glog/logging.h:993
	src/windows/glog/logging.h:997
	src/windows/glog/logging.h:1000
	src/windows/glog/logging.h:1003
	src/windows/glog/logging.h:1006
	src/windows/glog/logging.h:1189
autoscan: warning: missing AC_PROG_RANLIB wanted by: 
	ltmain.sh:2455
autoscan: warning: missing AC_TYPE_INT32_T wanted by: 
	src/glog/logging.h.in:91
	src/glog/logging.h.in:96
	src/windows/glog/logging.h:95
	src/windows/glog/logging.h:100
autoscan: warning: missing AC_TYPE_INT64_T wanted by: 
	src/glog/logging.h.in:93
	src/glog/logging.h.in:98
	src/windows/glog/logging.h:97
	src/windows/glog/logging.h:102
autoscan: warning: missing AC_TYPE_OFF_T wanted by: 
	src/symbolize.cc:148
	src/symbolize.cc:149
	src/symbolize.cc:150
	src/symbolize.cc:161
	src/symbolize.cc:184
	src/symbolize.cc:221
	src/symbolize.cc:228
	src/symbolize.cc:240
	src/symbolize.cc:270
autoscan: warning: missing AC_TYPE_PID_T wanted by: 
	src/utilities.cc:235
	src/utilities.cc:249
	src/utilities.cc:268
	src/utilities.h:164
	src/windows/port.h:127
autoscan: warning: missing AC_TYPE_SIZE_T wanted by: 
	src/logging.cc:307
	src/logging.cc:308
	src/logging.cc:309
	src/logging.cc:449
	src/logging.cc:454
	src/logging.cc:459
	src/logging.cc:465
	src/logging.cc:474
	src/logging.cc:633
	src/logging.cc:669
	src/logging.cc:676
	src/logging.cc:688
	src/logging.cc:716
	src/logging.cc:725
	src/logging.cc:741
	src/logging.cc:1084
	src/logging.cc:1598
	src/logging.cc:1752
	src/logging.cc:1926
	src/mock-log.h:119
	src/googletest.h:332
	src/googletest.h:334
	src/googletest.h:338
	src/googletest.h:341
	src/googletest.h:342
	src/googletest.h:422
	src/googletest.h:434
	src/googletest.h:587
	src/googletest.h:594
	src/signalhandler.cc:172
	src/signalhandler.cc:341
	src/symbolize.h:82
	src/symbolize.h:98
	src/vlog_is_on.cc:70
	src/vlog_is_on.cc:72
	src/vlog_is_on.cc:73
	src/vlog_is_on.cc:74
	src/vlog_is_on.cc:214
	src/demangle.cc:158
	src/demangle.cc:159
	src/demangle.cc:179
	src/demangle.cc:302
	src/stl_logging_unittest.cc:56
	src/utilities.h:55
	src/utilities.h:64
	src/symbolize.cc:85
	src/symbolize.cc:86
	src/symbolize.cc:124
	src/symbolize.cc:148
	src/symbolize.cc:161
	src/symbolize.cc:213
	src/logging_unittest.cc:455
	src/logging_unittest.cc:482
	src/logging_unittest.cc:515
	src/logging_unittest.cc:618
	src/logging_unittest.cc:625
	src/logging_unittest.cc:647
	src/logging_unittest.cc:793
	src/logging_unittest.cc:853
	src/logging_unittest.cc:854
	src/logging_unittest.cc:1002
	src/logging_unittest.cc:1035
	src/logging_unittest.cc:1044
	src/glog/logging.h.in:1096
	src/glog/logging.h.in:1149
	src/glog/logging.h.in:1213
	src/glog/logging.h.in:1370
	src/glog/logging.h.in:1391
	src/windows/port.cc:51
	src/windows/port.cc:58
	src/windows/port.h:112
	src/windows/port.h:114
	src/windows/port.h:143
	src/windows/glog/logging.h:1100
	src/windows/glog/logging.h:1153
	src/windows/glog/logging.h:1217
	src/windows/glog/logging.h:1374
	src/windows/glog/logging.h:1395
autoscan: warning: missing AC_TYPE_SSIZE_T wanted by: 
	src/symbolize.cc:124
	src/symbolize.cc:126
	src/symbolize.cc:128
	src/symbolize.cc:130
	src/symbolize.cc:147
	src/symbolize.cc:162
	src/symbolize.cc:189
	src/symbolize.cc:190
	src/symbolize.cc:192
	src/symbolize.cc:195
	src/symbolize.cc:241
	src/symbolize.cc:283
	src/symbolize.cc:285
	src/symbolize.cc:295
	src/symbolize.cc:395
	src/symbolize.cc:411
autoscan: warning: missing AC_TYPE_UINT32_T wanted by: 
	src/glog/logging.h.in:92
	src/windows/glog/logging.h:96
autoscan: warning: missing AC_TYPE_UINT64_T wanted by: 
	src/symbolize.cc:262
	src/symbolize.cc:263
	src/symbolize.cc:289
	src/symbolize.cc:291
	src/symbolize.cc:312
	src/symbolize.cc:314
	src/symbolize.cc:321
	src/symbolize.cc:468
	src/symbolize.cc:489
	src/symbolize.cc:490
	src/symbolize.cc:527
	src/symbolize.cc:591
	src/symbolize.cc:592
	src/glog/logging.h.in:94
	src/windows/glog/logging.h:98
